#
# A fatal error has been detected by the Java Runtime Environment:
#
#  EXCEPTION_ACCESS_VIOLATION (0xc0000005) at pc=0x0000000056410574, pid=4892, tid=0x0000000000001a40
#
# JRE version: Java(TM) SE Runtime Environment (8.0_131-b11) (build 1.8.0_131-b11)
# Java VM: Java HotSpot(TM) 64-Bit Server VM (25.131-b11 mixed mode windows-amd64 compressed oops)
# Problematic frame:
# C  [awt.dll+0xd0574]
#
# Failed to write core dump. Minidumps are not enabled by default on client versions of Windows
#
# If you would like to submit a bug report, please visit:
#   http://bugreport.java.com/bugreport/crash.jsp
# The crash happened outside the Java Virtual Machine in native code.
# See problematic frame for where to report the bug.
#

---------------  T H R E A D  ---------------

Current thread (0x00000000177b8000):  JavaThread "AWT-EventQueue-0" [_thread_in_native, id=6720, stack(0x0000000019040000,0x0000000019140000)]

siginfo: ExceptionCode=0xc0000005, reading address 0x0000000000000008

Registers:
RAX=0x000000000000000d, RBX=0x00000000177b81f8, RCX=0x0000000000000000, RDX=0x0000000031010d3c
RSP=0x000000001913be18, RBP=0x00000000177b81f8, RSI=0x00000000177491d0, RDI=0x00000000177c1540
R8 =0x00000000000027b4, R9 =0x00000000013b0000, R10=0x0000000000310d3c, R11=0x0000000000000246
R12=0x0000000031010d3c, R13=0x0000000000000000, R14=0x000000001913c5b0, R15=0x00000000177b8000
RIP=0x0000000056410574, EFLAGS=0x0000000000010202

Top of Stack: (sp=0x000000001913be18)
0x000000001913be18:   00000000563775e1 00000000177b81f8
0x000000001913be28:   00000000177491d0 000000000049414e
0x000000001913be38:   000000000049414e 0000000000000000
0x000000001913be48:   00000000177491d0 000000001913c5a0
0x000000001913be58:   00000000563abe85 00000000177b81f8
0x000000001913be68:   0000000000000000 000000001913bf01
0x000000001913be78:   0000000000000000 0000000017984250
0x000000001913be88:   0000000056373e32 000000001913c5a0
0x000000001913be98:   000000001913bf90 00000000177b81f8
0x000000001913bea8:   000000000314f80c 00000000151e995f
0x000000001913beb8:   000000001913bf18 0000000018d41740
0x000000001913bec8:   0000000000000000 00000000151e99c0
0x000000001913bed8:   00000000ec0929a0 000000001913bf10
0x000000001913bee8:   000000001913bf60 000000001913bf60
0x000000001913bef8:   0000000002ea835d 0000000000000000
0x000000001913bf08:   000000001913c598 00000000177b81f8 

Instructions: (pc=0x0000000056410574)
0x0000000056410554:   41 5e 41 5d 41 5c 5f c3 48 8b 41 08 48 05 00 04
0x0000000056410564:   00 00 c3 cc 48 8b 41 08 48 8b 80 18 0c 00 00 c3
0x0000000056410574:   48 8b 49 08 48 85 c9 74 05 e9 56 a8 fe ff 33 c0
0x0000000056410584:   c3 cc cc cc 48 83 ec 28 48 8b 49 08 48 85 c9 74 


Register to memory mapping:

RAX=0x000000000000000d is an unknown value
RBX=0x00000000177b81f8 is an unknown value
RCX=0x0000000000000000 is an unknown value
RDX=0x0000000031010d3c is an unknown value
RSP=0x000000001913be18 is pointing into the stack for thread: 0x00000000177b8000
RBP=0x00000000177b81f8 is an unknown value
RSI=0x00000000177491d0 is an unknown value
RDI=0x00000000177c1540 is an unknown value
R8 =0x00000000000027b4 is an unknown value
R9 =0x00000000013b0000 is an unknown value
R10=0x0000000000310d3c is an unknown value
R11=0x0000000000000246 is an unknown value
R12=0x0000000031010d3c is an unknown value
R13=0x0000000000000000 is an unknown value
R14=0x000000001913c5b0 is pointing into the stack for thread: 0x00000000177b8000
R15=0x00000000177b8000 is a thread


Stack: [0x0000000019040000,0x0000000019140000],  sp=0x000000001913be18,  free space=1007k
Native frames: (J=compiled Java code, j=interpreted, Vv=VM code, C=native code)
C  [awt.dll+0xd0574]

Java frames: (J=compiled Java code, j=interpreted, Vv=VM code)
j  sun.java2d.windows.GDIBlitLoops.nativeBlit(Lsun/java2d/SurfaceData;Lsun/java2d/SurfaceData;Lsun/java2d/pipe/Region;IIIIIIIIIZ)V+0
j  sun.java2d.windows.GDIBlitLoops.Blit(Lsun/java2d/SurfaceData;Lsun/java2d/SurfaceData;Ljava/awt/Composite;Lsun/java2d/pipe/Region;IIIIII)V+33
J 1007 C1 sun.java2d.pipe.DrawImage.blitSurfaceData(Lsun/java2d/SunGraphics2D;Lsun/java2d/pipe/Region;Lsun/java2d/SurfaceData;Lsun/java2d/SurfaceData;Lsun/java2d/loops/SurfaceType;Lsun/java2d/loops/SurfaceType;IIIIIILjava/awt/Color;)V (145 bytes) @ 0x00000000031cdce4 [0x00000000031ccec0+0xe24]
J 1023 C1 sun.java2d.pipe.DrawImage.renderImageCopy(Lsun/java2d/SunGraphics2D;Ljava/awt/Image;Ljava/awt/Color;IIIIII)Z (147 bytes) @ 0x00000000031d4e84 [0x00000000031d4920+0x564]
J 953 C1 sun.java2d.pipe.DrawImage.copyImage(Lsun/java2d/SunGraphics2D;Ljava/awt/Image;IILjava/awt/Color;)Z (105 bytes) @ 0x00000000031aa40c [0x00000000031a9e60+0x5ac]
J 1009 C1 sun.java2d.pipe.DrawImage.copyImage(Lsun/java2d/SunGraphics2D;Ljava/awt/Image;IILjava/awt/Color;Ljava/awt/image/ImageObserver;)Z (60 bytes) @ 0x00000000031caf8c [0x00000000031ca920+0x66c]
j  sun.java2d.pipe.ValidatePipe.copyImage(Lsun/java2d/SunGraphics2D;Ljava/awt/Image;IILjava/awt/Color;Ljava/awt/image/ImageObserver;)Z+21
J 1022 C1 sun.java2d.SunGraphics2D.drawImage(Ljava/awt/Image;IILjava/awt/Color;Ljava/awt/image/ImageObserver;)Z (145 bytes) @ 0x00000000031d6c04 [0x00000000031d62c0+0x944]
J 951 C1 sun.java2d.SunGraphics2D.drawImage(Ljava/awt/Image;IILjava/awt/image/ImageObserver;)Z (11 bytes) @ 0x00000000031a9b04 [0x00000000031a9a00+0x104]
j  javax.swing.RepaintManager$PaintManager.paintDoubleBuffered(Ljavax/swing/JComponent;Ljava/awt/Image;Ljava/awt/Graphics;IIII)V+242
j  javax.swing.RepaintManager$PaintManager.paint(Ljavax/swing/JComponent;Ljavax/swing/JComponent;Ljava/awt/Graphics;IIII)Z+116
j  javax.swing.RepaintManager.paint(Ljavax/swing/JComponent;Ljavax/swing/JComponent;Ljava/awt/Graphics;IIII)V+51
j  javax.swing.JComponent.paint(Ljava/awt/Graphics;)V+221
j  java.awt.GraphicsCallback$PaintCallback.run(Ljava/awt/Component;Ljava/awt/Graphics;)V+2
j  sun.awt.SunGraphicsCallback.runOneComponent(Ljava/awt/Component;Ljava/awt/Rectangle;Ljava/awt/Graphics;Ljava/awt/Shape;I)V+155
j  sun.awt.SunGraphicsCallback.runComponents([Ljava/awt/Component;Ljava/awt/Graphics;I)V+194
j  java.awt.Container.paint(Ljava/awt/Graphics;)V+58
j  java.awt.Window.paint(Ljava/awt/Graphics;)V+68
j  javax.swing.RepaintManager$4.run()Ljava/lang/Void;+142
j  javax.swing.RepaintManager$4.run()Ljava/lang/Object;+1
v  ~StubRoutines::call_stub
J 1104  java.security.AccessController.doPrivileged(Ljava/security/PrivilegedAction;Ljava/security/AccessControlContext;)Ljava/lang/Object; (0 bytes) @ 0x0000000003201526 [0x00000000032014c0+0x66]
J 1155 C1 java.security.ProtectionDomain$JavaSecurityAccessImpl.doIntersectionPrivilege(Ljava/security/PrivilegedAction;Ljava/security/AccessControlContext;Ljava/security/AccessControlContext;)Ljava/lang/Object; (22 bytes) @ 0x00000000032170ac [0x0000000003216c40+0x46c]
j  javax.swing.RepaintManager.paintDirtyRegions(Ljava/util/Map;)V+154
j  javax.swing.RepaintManager.paintDirtyRegions()V+46
j  javax.swing.RepaintManager.prePaintDirtyRegions()V+73
j  javax.swing.RepaintManager.access$1200(Ljavax/swing/RepaintManager;)V+1
j  javax.swing.RepaintManager$ProcessingRunnable.run()V+37
J 1192 C1 java.awt.event.InvocationEvent.dispatch()V (69 bytes) @ 0x000000000322f914 [0x000000000322f700+0x214]
J 1221 C1 java.awt.EventQueue.dispatchEventImpl(Ljava/awt/AWTEvent;Ljava/lang/Object;)V (149 bytes) @ 0x0000000003242c44 [0x0000000003241180+0x1ac4]
J 1219 C1 java.awt.EventQueue$3.run()Ljava/lang/Void; (60 bytes) @ 0x000000000324020c [0x0000000003240000+0x20c]
J 1181 C1 java.awt.EventQueue$3.run()Ljava/lang/Object; (5 bytes) @ 0x00000000032241cc [0x0000000003224140+0x8c]
v  ~StubRoutines::call_stub
J 1104  java.security.AccessController.doPrivileged(Ljava/security/PrivilegedAction;Ljava/security/AccessControlContext;)Ljava/lang/Object; (0 bytes) @ 0x0000000003201526 [0x00000000032014c0+0x66]
J 1179 C1 java.awt.EventQueue.dispatchEvent(Ljava/awt/AWTEvent;)V (80 bytes) @ 0x0000000003227dc4 [0x0000000003227440+0x984]
J 1184 C1 java.awt.EventDispatchThread.pumpOneEventForFilters(I)V (295 bytes) @ 0x000000000322b0e4 [0x0000000003229580+0x1b64]
j  java.awt.EventDispatchThread.pumpEventsForFilter(ILjava/awt/Conditional;Ljava/awt/EventFilter;)V+35
j  java.awt.EventDispatchThread.pumpEventsForHierarchy(ILjava/awt/Conditional;Ljava/awt/Component;)V+11
j  java.awt.EventDispatchThread.pumpEvents(ILjava/awt/Conditional;)V+4
j  java.awt.EventDispatchThread.pumpEvents(Ljava/awt/Conditional;)V+3
j  java.awt.EventDispatchThread.run()V+9
v  ~StubRoutines::call_stub

---------------  P R O C E S S  ---------------

Java Threads: ( => current thread )
  0x0000000017856000 JavaThread "MultiThreadedHttpConnectionManager cleanup" daemon [_thread_blocked, id=9508, stack(0x000000001a540000,0x000000001a640000)]
  0x00000000178e9000 JavaThread "tile-pool-3" daemon [_thread_in_native, id=11400, stack(0x000000001a440000,0x000000001a540000)]
  0x00000000178e8000 JavaThread "tile-pool-2" daemon [_thread_in_native, id=8144, stack(0x000000001a340000,0x000000001a440000)]
  0x000000001789a800 JavaThread "tile-pool-1" daemon [_thread_in_native, id=2664, stack(0x000000001a240000,0x000000001a340000)]
  0x0000000017899800 JavaThread "tile-pool-0" daemon [_thread_in_native, id=484, stack(0x000000001a140000,0x000000001a240000)]
=>0x00000000177b8000 JavaThread "AWT-EventQueue-0" [_thread_in_native, id=6720, stack(0x0000000019040000,0x0000000019140000)]
  0x000000001711e800 JavaThread "AWT-Windows" daemon [_thread_in_native, id=7156, stack(0x0000000018080000,0x0000000018180000)]
  0x000000001711d800 JavaThread "AWT-Shutdown" [_thread_blocked, id=7392, stack(0x0000000017f80000,0x0000000018080000)]
  0x000000001711c000 JavaThread "Java2D Disposer" daemon [_thread_blocked, id=10884, stack(0x0000000017e80000,0x0000000017f80000)]
  0x0000000016d58800 JavaThread "Service Thread" daemon [_thread_blocked, id=11840, stack(0x0000000017120000,0x0000000017220000)]
  0x00000000153ab000 JavaThread "C1 CompilerThread2" daemon [_thread_blocked, id=11412, stack(0x0000000016c20000,0x0000000016d20000)]
  0x00000000153a2000 JavaThread "C2 CompilerThread1" daemon [_thread_blocked, id=11436, stack(0x0000000016b20000,0x0000000016c20000)]
  0x000000001539e800 JavaThread "C2 CompilerThread0" daemon [_thread_blocked, id=800, stack(0x0000000016a20000,0x0000000016b20000)]
  0x000000001539c800 JavaThread "Attach Listener" daemon [_thread_blocked, id=5520, stack(0x0000000016920000,0x0000000016a20000)]
  0x000000001539b800 JavaThread "Signal Dispatcher" daemon [_thread_blocked, id=3100, stack(0x0000000016820000,0x0000000016920000)]
  0x000000001538a800 JavaThread "Finalizer" daemon [_thread_blocked, id=4576, stack(0x0000000016600000,0x0000000016700000)]
  0x0000000002e91000 JavaThread "Reference Handler" daemon [_thread_blocked, id=960, stack(0x0000000016500000,0x0000000016600000)]
  0x0000000002d9e000 JavaThread "main" [_thread_blocked, id=7416, stack(0x0000000002ba0000,0x0000000002ca0000)]

Other Threads:
  0x0000000015368000 VMThread [stack: 0x0000000016400000,0x0000000016500000] [id=5320]
  0x0000000016d5b800 WatcherThread [stack: 0x0000000017380000,0x0000000017480000] [id=7608]

VM state:not at safepoint (normal execution)

VM Mutex/Monitor currently owned by a thread: None

Heap:
 PSYoungGen      total 18432K, used 8279K [0x00000000ebb80000, 0x00000000ed000000, 0x0000000100000000)
  eden space 15872K, 36% used [0x00000000ebb80000,0x00000000ec11dea8,0x00000000ecb00000)
  from space 2560K, 98% used [0x00000000ecb00000,0x00000000ecd78050,0x00000000ecd80000)
  to   space 2560K, 0% used [0x00000000ecd80000,0x00000000ecd80000,0x00000000ed000000)
 ParOldGen       total 42496K, used 15633K [0x00000000c3200000, 0x00000000c5b80000, 0x00000000ebb80000)
  object space 42496K, 36% used [0x00000000c3200000,0x00000000c4144538,0x00000000c5b80000)
 Metaspace       used 15573K, capacity 15760K, committed 16128K, reserved 1062912K
  class space    used 1941K, capacity 2022K, committed 2048K, reserved 1048576K

Card table byte_map: [0x0000000012260000,0x0000000012450000] byte_map_base: 0x0000000011c47000

Marking Bits: (ParMarkBitMap*) 0x0000000056d5c720
 Begin Bits: [0x00000000129a0000, 0x00000000138d8000)
 End Bits:   [0x00000000138d8000, 0x0000000014810000)

Polling page: 0x0000000001020000

CodeCache: size=245760Kb used=3977Kb max_used=3977Kb free=241783Kb
 bounds [0x0000000002ea0000, 0x0000000003290000, 0x0000000011ea0000]
 total_blobs=1838 nmethods=1318 adapters=434
 compilation: enabled

Compilation events (10 events):
Event: 31.410 Thread 0x00000000153ab000 nmethod 1309 0x0000000003273590 code [0x00000000032736e0, 0x0000000003273810]
Event: 31.410 Thread 0x00000000153ab000 1310       3       java.net.URI::access$3400 (4 bytes)
Event: 31.410 Thread 0x00000000153ab000 nmethod 1310 0x0000000003273890 code [0x00000000032739e0, 0x0000000003273b10]
Event: 31.410 Thread 0x00000000153ab000 1311       3       java.net.URI$Parser::scan (20 bytes)
Event: 31.411 Thread 0x00000000153ab000 nmethod 1311 0x0000000003273b90 code [0x0000000003273d20, 0x00000000032741c8]
Event: 31.411 Thread 0x00000000153ab000 1312       3       java.awt.Rectangle::intersection (180 bytes)
Event: 31.412 Thread 0x00000000153ab000 nmethod 1312 0x0000000003274490 code [0x0000000003274620, 0x0000000003274b50]
Event: 31.412 Thread 0x00000000153ab000 1313   !   3       javax.swing.JComponent::paint (409 bytes)
Event: 31.412 Thread 0x00000000153a2000 1315       4       java.awt.Rectangle::<init> (26 bytes)
Event: 31.413 Thread 0x00000000153a2000 nmethod 1315 0x0000000003162450 code [0x0000000003162580, 0x00000000031625f8]

GC Heap History (6 events):
Event: 1.205 GC heap before
{Heap before GC invocations=1 (full 0):
 PSYoungGen      total 18432K, used 15872K [0x00000000ebb80000, 0x00000000ed000000, 0x0000000100000000)
  eden space 15872K, 100% used [0x00000000ebb80000,0x00000000ecb00000,0x00000000ecb00000)
  from space 2560K, 0% used [0x00000000ecd80000,0x00000000ecd80000,0x00000000ed000000)
  to   space 2560K, 0% used [0x00000000ecb00000,0x00000000ecb00000,0x00000000ecd80000)
 ParOldGen       total 42496K, used 0K [0x00000000c3200000, 0x00000000c5b80000, 0x00000000ebb80000)
  object space 42496K, 0% used [0x00000000c3200000,0x00000000c3200000,0x00000000c5b80000)
 Metaspace       used 13409K, capacity 13634K, committed 13824K, reserved 1060864K
  class space    used 1683K, capacity 1763K, committed 1792K, reserved 1048576K
Event: 1.213 GC heap after
Heap after GC invocations=1 (full 0):
 PSYoungGen      total 18432K, used 2528K [0x00000000ebb80000, 0x00000000ed000000, 0x0000000100000000)
  eden space 15872K, 0% used [0x00000000ebb80000,0x00000000ebb80000,0x00000000ecb00000)
  from space 2560K, 98% used [0x00000000ecb00000,0x00000000ecd78080,0x00000000ecd80000)
  to   space 2560K, 0% used [0x00000000ecd80000,0x00000000ecd80000,0x00000000ed000000)
 ParOldGen       total 42496K, used 4032K [0x00000000c3200000, 0x00000000c5b80000, 0x00000000ebb80000)
  object space 42496K, 9% used [0x00000000c3200000,0x00000000c35f0330,0x00000000c5b80000)
 Metaspace       used 13409K, capacity 13634K, committed 13824K, reserved 1060864K
  class space    used 1683K, capacity 1763K, committed 1792K, reserved 1048576K
}
Event: 1.790 GC heap before
{Heap before GC invocations=2 (full 0):
 PSYoungGen      total 18432K, used 18400K [0x00000000ebb80000, 0x00000000ed000000, 0x0000000100000000)
  eden space 15872K, 100% used [0x00000000ebb80000,0x00000000ecb00000,0x00000000ecb00000)
  from space 2560K, 98% used [0x00000000ecb00000,0x00000000ecd78080,0x00000000ecd80000)
  to   space 2560K, 0% used [0x00000000ecd80000,0x00000000ecd80000,0x00000000ed000000)
 ParOldGen       total 42496K, used 4032K [0x00000000c3200000, 0x00000000c5b80000, 0x00000000ebb80000)
  object space 42496K, 9% used [0x00000000c3200000,0x00000000c35f0330,0x00000000c5b80000)
 Metaspace       used 15380K, capacity 15554K, committed 15872K, reserved 1062912K
  class space    used 1934K, capacity 2019K, committed 2048K, reserved 1048576K
Event: 1.802 GC heap after
Heap after GC invocations=2 (full 0):
 PSYoungGen      total 18432K, used 2544K [0x00000000ebb80000, 0x00000000edf80000, 0x0000000100000000)
  eden space 15872K, 0% used [0x00000000ebb80000,0x00000000ebb80000,0x00000000ecb00000)
  from space 2560K, 99% used [0x00000000ecd80000,0x00000000ecffc060,0x00000000ed000000)
  to   space 2560K, 0% used [0x00000000ecb00000,0x00000000ecb00000,0x00000000ecd80000)
 ParOldGen       total 42496K, used 12691K [0x00000000c3200000, 0x00000000c5b80000, 0x00000000ebb80000)
  object space 42496K, 29% used [0x00000000c3200000,0x00000000c3e64f20,0x00000000c5b80000)
 Metaspace       used 15380K, capacity 15554K, committed 15872K, reserved 1062912K
  class space    used 1934K, capacity 2019K, committed 2048K, reserved 1048576K
}
Event: 31.383 GC heap before
{Heap before GC invocations=3 (full 0):
 PSYoungGen      total 18432K, used 14508K [0x00000000ebb80000, 0x00000000edf80000, 0x0000000100000000)
  eden space 15872K, 75% used [0x00000000ebb80000,0x00000000ec72f1c0,0x00000000ecb00000)
  from space 2560K, 99% used [0x00000000ecd80000,0x00000000ecffc060,0x00000000ed000000)
  to   space 2560K, 0% used [0x00000000ecb00000,0x00000000ecb00000,0x00000000ecd80000)
 ParOldGen       total 42496K, used 12691K [0x00000000c3200000, 0x00000000c5b80000, 0x00000000ebb80000)
  object space 42496K, 29% used [0x00000000c3200000,0x00000000c3e64f20,0x00000000c5b80000)
 Metaspace       used 15549K, capacity 15760K, committed 16128K, reserved 1062912K
  class space    used 1941K, capacity 2022K, committed 2048K, reserved 1048576K
Event: 31.391 GC heap after
Heap after GC invocations=3 (full 0):
 PSYoungGen      total 18432K, used 2528K [0x00000000ebb80000, 0x00000000ed000000, 0x0000000100000000)
  eden space 15872K, 0% used [0x00000000ebb80000,0x00000000ebb80000,0x00000000ecb00000)
  from space 2560K, 98% used [0x00000000ecb00000,0x00000000ecd78050,0x00000000ecd80000)
  to   space 2560K, 0% used [0x00000000ecd80000,0x00000000ecd80000,0x00000000ed000000)
 ParOldGen       total 42496K, used 15633K [0x00000000c3200000, 0x00000000c5b80000, 0x00000000ebb80000)
  object space 42496K, 36% used [0x00000000c3200000,0x00000000c4144538,0x00000000c5b80000)
 Metaspace       used 15549K, capacity 15760K, committed 16128K, reserved 1062912K
  class space    used 1941K, capacity 2022K, committed 2048K, reserved 1048576K
}

Deoptimization events (7 events):
Event: 0.493 Thread 0x0000000002d9e000 Uncommon trap: reason=unstable_if action=reinterpret pc=0x000000000306b664 method=java.lang.String.indexOf([CII[CIII)I @ 3
Event: 0.971 Thread 0x0000000002d9e000 Uncommon trap: reason=unstable_if action=reinterpret pc=0x00000000030c455c method=sun.nio.cs.UTF_8$Encoder.encode([CII[B)I @ 33
Event: 8.973 Thread 0x00000000177b8000 Uncommon trap: reason=class_check action=maybe_recompile pc=0x000000000318e07c method=java.util.HashMap.putVal(ILjava/lang/Object;Ljava/lang/Object;ZZ)Ljava/lang/Object; @ 203
Event: 8.973 Thread 0x00000000177b8000 Uncommon trap: reason=class_check action=maybe_recompile pc=0x000000000318e07c method=java.util.HashMap.putVal(ILjava/lang/Object;Ljava/lang/Object;ZZ)Ljava/lang/Object; @ 203
Event: 8.973 Thread 0x00000000177b8000 Uncommon trap: reason=class_check action=maybe_recompile pc=0x000000000318e07c method=java.util.HashMap.putVal(ILjava/lang/Object;Ljava/lang/Object;ZZ)Ljava/lang/Object; @ 203
Event: 8.973 Thread 0x00000000177b8000 Uncommon trap: reason=class_check action=maybe_recompile pc=0x000000000318e07c method=java.util.HashMap.putVal(ILjava/lang/Object;Ljava/lang/Object;ZZ)Ljava/lang/Object; @ 203
Event: 8.973 Thread 0x00000000177b8000 Uncommon trap: reason=class_check action=maybe_recompile pc=0x00000000031584f0 method=java.util.HashMap.putVal(ILjava/lang/Object;Ljava/lang/Object;ZZ)Ljava/lang/Object; @ 203

Internal exceptions (10 events):
Event: 0.248 Thread 0x0000000002d9e000 Exception <a 'java/lang/NoSuchFieldError': method resolution failed> (0x00000000ebda6928) thrown at [C:\re\workspace\8-2-build-windows-amd64-cygwin\jdk8u131\8869\hotspot\src\share\vm\prims\methodHandles.cpp, line 1146]
Event: 0.305 Thread 0x0000000002d9e000 Exception <a 'java/io/FileNotFoundException'> (0x00000000ebe41f70) thrown at [C:\re\workspace\8-2-build-windows-amd64-cygwin\jdk8u131\8869\hotspot\src\share\vm\prims\jni.cpp, line 709]
Event: 0.390 Thread 0x0000000002d9e000 Exception <a 'java/security/PrivilegedActionException'> (0x00000000ebf8c158) thrown at [C:\re\workspace\8-2-build-windows-amd64-cygwin\jdk8u131\8869\hotspot\src\share\vm\prims\jvm.cpp, line 1390]
Event: 0.390 Thread 0x0000000002d9e000 Exception <a 'java/security/PrivilegedActionException'> (0x00000000ebf8c368) thrown at [C:\re\workspace\8-2-build-windows-amd64-cygwin\jdk8u131\8869\hotspot\src\share\vm\prims\jvm.cpp, line 1390]
Event: 0.390 Thread 0x0000000002d9e000 Exception <a 'java/security/PrivilegedActionException'> (0x00000000ebf8d820) thrown at [C:\re\workspace\8-2-build-windows-amd64-cygwin\jdk8u131\8869\hotspot\src\share\vm\prims\jvm.cpp, line 1390]
Event: 0.390 Thread 0x0000000002d9e000 Exception <a 'java/security/PrivilegedActionException'> (0x00000000ebf8da30) thrown at [C:\re\workspace\8-2-build-windows-amd64-cygwin\jdk8u131\8869\hotspot\src\share\vm\prims\jvm.cpp, line 1390]
Event: 0.390 Thread 0x0000000002d9e000 Exception <a 'java/security/PrivilegedActionException'> (0x00000000ebf8ef90) thrown at [C:\re\workspace\8-2-build-windows-amd64-cygwin\jdk8u131\8869\hotspot\src\share\vm\prims\jvm.cpp, line 1390]
Event: 0.390 Thread 0x0000000002d9e000 Exception <a 'java/security/PrivilegedActionException'> (0x00000000ebf8f1a0) thrown at [C:\re\workspace\8-2-build-windows-amd64-cygwin\jdk8u131\8869\hotspot\src\share\vm\prims\jvm.cpp, line 1390]
Event: 0.391 Thread 0x0000000002d9e000 Exception <a 'java/security/PrivilegedActionException'> (0x00000000ebf90658) thrown at [C:\re\workspace\8-2-build-windows-amd64-cygwin\jdk8u131\8869\hotspot\src\share\vm\prims\jvm.cpp, line 1390]
Event: 0.391 Thread 0x0000000002d9e000 Exception <a 'java/security/PrivilegedActionException'> (0x00000000ebf90868) thrown at [C:\re\workspace\8-2-build-windows-amd64-cygwin\jdk8u131\8869\hotspot\src\share\vm\prims\jvm.cpp, line 1390]

Events (10 events):
Event: 31.393 Executing VM operation: RevokeBias
Event: 31.393 Executing VM operation: RevokeBias done
Event: 31.406 Executing VM operation: RevokeBias
Event: 31.406 Executing VM operation: RevokeBias done
Event: 31.407 Executing VM operation: RevokeBias
Event: 31.407 Executing VM operation: RevokeBias done
Event: 31.408 Executing VM operation: RevokeBias
Event: 31.409 Executing VM operation: RevokeBias done
Event: 31.409 Executing VM operation: RevokeBias
Event: 31.409 Executing VM operation: RevokeBias done


Dynamic libraries:
0x00007ff726120000 - 0x00007ff726157000 	C:\Program Files\Java\jre1.8.0_131\bin\javaw.exe
0x00007ffeb2f60000 - 0x00007ffeb313b000 	C:\WINDOWS\SYSTEM32\ntdll.dll
0x00007ffeb09c0000 - 0x00007ffeb0a6e000 	C:\WINDOWS\System32\KERNEL32.DLL
0x00007ffeaf480000 - 0x00007ffeaf6c9000 	C:\WINDOWS\System32\KERNELBASE.dll
0x00007ffeb2c60000 - 0x00007ffeb2d01000 	C:\WINDOWS\System32\ADVAPI32.dll
0x00007ffeb0bd0000 - 0x00007ffeb0c6d000 	C:\WINDOWS\System32\msvcrt.dll
0x00007ffeb0830000 - 0x00007ffeb0889000 	C:\WINDOWS\System32\sechost.dll
0x00007ffeb0890000 - 0x00007ffeb09b5000 	C:\WINDOWS\System32\RPCRT4.dll
0x00007ffeb2d90000 - 0x00007ffeb2eda000 	C:\WINDOWS\System32\USER32.dll
0x00007ffeb0380000 - 0x00007ffeb039e000 	C:\WINDOWS\System32\win32u.dll
0x00007ffeb2810000 - 0x00007ffeb2837000 	C:\WINDOWS\System32\GDI32.dll
0x00007ffeb00f0000 - 0x00007ffeb0278000 	C:\WINDOWS\System32\gdi32full.dll
0x00007ffeaf6d0000 - 0x00007ffeaf76a000 	C:\WINDOWS\System32\msvcp_win.dll
0x00007ffeb0280000 - 0x00007ffeb0376000 	C:\WINDOWS\System32\ucrtbase.dll
0x00007ffe9e460000 - 0x00007ffe9e6c7000 	C:\WINDOWS\WinSxS\amd64_microsoft.windows.common-controls_6595b64144ccf1df_6.0.15063.483_none_26002d27e7c744a2\COMCTL32.dll
0x00007ffeb10b0000 - 0x00007ffeb13a9000 	C:\WINDOWS\System32\combase.dll
0x00007ffeb03a0000 - 0x00007ffeb040a000 	C:\WINDOWS\System32\bcryptPrimitives.dll
0x00007ffeb2990000 - 0x00007ffeb29bd000 	C:\WINDOWS\System32\IMM32.DLL
0x0000000056de0000 - 0x0000000056eb2000 	C:\Program Files\Java\jre1.8.0_131\bin\msvcr100.dll
0x0000000056540000 - 0x0000000056ddc000 	C:\Program Files\Java\jre1.8.0_131\bin\server\jvm.dll
0x00007ffeb2d10000 - 0x00007ffeb2d18000 	C:\WINDOWS\System32\PSAPI.DLL
0x00007ffeada50000 - 0x00007ffeada59000 	C:\WINDOWS\SYSTEM32\WSOCK32.dll
0x00007ffeb2d20000 - 0x00007ffeb2d8c000 	C:\WINDOWS\System32\WS2_32.dll
0x00007ffea1ab0000 - 0x00007ffea1ad3000 	C:\WINDOWS\SYSTEM32\WINMM.dll
0x00007ffea62a0000 - 0x00007ffea62aa000 	C:\WINDOWS\SYSTEM32\VERSION.dll
0x00007ffea1a50000 - 0x00007ffea1a7b000 	C:\WINDOWS\SYSTEM32\WINMMBASE.dll
0x00007ffeb00a0000 - 0x00007ffeb00e9000 	C:\WINDOWS\System32\cfgmgr32.dll
0x0000000056530000 - 0x000000005653f000 	C:\Program Files\Java\jre1.8.0_131\bin\verify.dll
0x0000000056500000 - 0x0000000056529000 	C:\Program Files\Java\jre1.8.0_131\bin\java.dll
0x00000000564e0000 - 0x00000000564f6000 	C:\Program Files\Java\jre1.8.0_131\bin\zip.dll
0x00007ffeb13d0000 - 0x00007ffeb2807000 	C:\WINDOWS\System32\SHELL32.dll
0x00007ffeb0720000 - 0x00007ffeb07ca000 	C:\WINDOWS\System32\shcore.dll
0x00007ffeaf770000 - 0x00007ffeafe63000 	C:\WINDOWS\System32\windows.storage.dll
0x00007ffeb07d0000 - 0x00007ffeb0821000 	C:\WINDOWS\System32\shlwapi.dll
0x00007ffeaf3f0000 - 0x00007ffeaf401000 	C:\WINDOWS\System32\kernel.appcore.dll
0x00007ffeaf430000 - 0x00007ffeaf47c000 	C:\WINDOWS\System32\powrprof.dll
0x00007ffeaf410000 - 0x00007ffeaf425000 	C:\WINDOWS\System32\profapi.dll
0x0000000056340000 - 0x00000000564d8000 	C:\Program Files\Java\jre1.8.0_131\bin\awt.dll
0x00007ffeb0a70000 - 0x00007ffeb0b30000 	C:\WINDOWS\System32\OLEAUT32.dll
0x00007ffeada90000 - 0x00007ffeadb0e000 	C:\WINDOWS\SYSTEM32\apphelp.dll
0x00007ffea1930000 - 0x00007ffea195a000 	C:\WINDOWS\system32\DWMAPI.DLL
0x00007ffeadbf0000 - 0x00007ffeadc85000 	C:\WINDOWS\system32\uxtheme.dll
0x00007ffe9f3f0000 - 0x00007ffe9f511000 	C:\WINDOWS\system32\opengl32.dll
0x00007ffea0790000 - 0x00007ffea07bc000 	C:\WINDOWS\SYSTEM32\GLU32.dll
0x00007ffeb29d0000 - 0x00007ffeb2b36000 	C:\WINDOWS\System32\MSCTF.dll
0x00007ffeb2840000 - 0x00007ffeb2985000 	C:\WINDOWS\System32\ole32.dll
0x00007ffeaee90000 - 0x00007ffeaeea7000 	C:\WINDOWS\SYSTEM32\CRYPTSP.dll
0x00007ffeae900000 - 0x00007ffeae934000 	C:\WINDOWS\system32\rsaenh.dll
0x00007ffeaef90000 - 0x00007ffeaefb5000 	C:\WINDOWS\SYSTEM32\bcrypt.dll
0x00007ffeaf2d0000 - 0x00007ffeaf2f9000 	C:\WINDOWS\SYSTEM32\USERENV.dll
0x00007ffeaee80000 - 0x00007ffeaee8b000 	C:\WINDOWS\SYSTEM32\CRYPTBASE.dll
0x0000000056320000 - 0x000000005633a000 	C:\Program Files\Java\jre1.8.0_131\bin\net.dll
0x00007ffeaece0000 - 0x00007ffeaed3c000 	C:\WINDOWS\system32\mswsock.dll
0x00007ffeaea80000 - 0x00007ffeaeab7000 	C:\WINDOWS\SYSTEM32\IPHLPAPI.DLL
0x00007ffeb29c0000 - 0x00007ffeb29c8000 	C:\WINDOWS\System32\NSI.dll
0x00007ffea9b10000 - 0x00007ffea9b26000 	C:\WINDOWS\SYSTEM32\dhcpcsvc6.DLL
0x00007ffeaa330000 - 0x00007ffeaa34a000 	C:\WINDOWS\SYSTEM32\dhcpcsvc.DLL
0x0000000056300000 - 0x0000000056311000 	C:\Program Files\Java\jre1.8.0_131\bin\nio.dll
0x00000000562d0000 - 0x00000000562fa000 	C:\Program Files\Java\jre1.8.0_131\bin\dcpr.dll
0x0000000056280000 - 0x00000000562c7000 	C:\Program Files\Java\jre1.8.0_131\bin\fontmanager.dll
0x00007ffeab3f0000 - 0x00007ffeab472000 	C:\WINDOWS\System32\TextInputFramework.dll
0x00007ffea0ef0000 - 0x00007ffea11c2000 	C:\WINDOWS\System32\CoreUIComponents.dll
0x00007ffead4d0000 - 0x00007ffead5b3000 	C:\WINDOWS\System32\CoreMessaging.dll
0x00007ffeae730000 - 0x00007ffeae761000 	C:\WINDOWS\SYSTEM32\ntmarta.dll
0x00007ffeac260000 - 0x00007ffeac399000 	C:\WINDOWS\SYSTEM32\wintypes.dll
0x00007ffea8df0000 - 0x00007ffea8e05000 	C:\WINDOWS\SYSTEM32\usermgrcli.dll
0x00007ffeb0b30000 - 0x00007ffeb0bce000 	C:\WINDOWS\System32\clbcatq.dll
0x00007ffea1400000 - 0x00007ffea15ac000 	C:\WINDOWS\SYSTEM32\WindowsCodecs.dll
0x00007ffea63a0000 - 0x00007ffea63e7000 	C:\WINDOWS\system32\dataexchange.dll
0x00007ffeacc40000 - 0x00007ffeacf1f000 	C:\WINDOWS\system32\d3d11.dll
0x00007ffead5c0000 - 0x00007ffead6e2000 	C:\WINDOWS\system32\dcomp.dll
0x00007ffeae240000 - 0x00007ffeae2e4000 	C:\WINDOWS\system32\dxgi.dll
0x00007ffeadd80000 - 0x00007ffeadef0000 	C:\WINDOWS\system32\twinapi.appcore.dll
0x0000000056230000 - 0x0000000056272000 	C:\Program Files\Java\jre1.8.0_131\bin\t2k.dll
0x00007ffeaeac0000 - 0x00007ffeaeb64000 	C:\WINDOWS\SYSTEM32\DNSAPI.dll
0x00007ffea4150000 - 0x00007ffea415a000 	C:\Windows\System32\rasadhlp.dll
0x00007ffea72b0000 - 0x00007ffea731b000 	C:\WINDOWS\System32\fwpuclnt.dll
0x00007ffeaabf0000 - 0x00007ffeaad99000 	C:\WINDOWS\SYSTEM32\dbghelp.dll

VM Arguments:
jvm_args: -Dfile.encoding=Cp1252 
java_command: userInterface.Alarmdisplay
java_class_path (initial): C:\Users\Timo Schadt\Desktop\Alarmdisplay_\bin;C:\Users\Timo Schadt\Desktop\Alarmdisplay_\activation-1.1.jar;C:\Users\Timo Schadt\Desktop\Alarmdisplay_;C:\Users\Timo Schadt\Desktop\Alarmdisplay_\Alarmdisplay.jar;C:\Users\Timo Schadt\Desktop\Alarmdisplay_\commons-codec-1.2.jar;C:\Users\Timo Schadt\Desktop\Alarmdisplay_\commons-collections-3.2.jar;C:\Users\Timo Schadt\Desktop\Alarmdisplay_\commons-httpclient-3.1-beta1.jar;C:\Users\Timo Schadt\Desktop\Alarmdisplay_\commons-io-1.3.1.jar;C:\Users\Timo Schadt\Desktop\Alarmdisplay_\commons-lang-2.3.jar;C:\Users\Timo Schadt\Desktop\Alarmdisplay_\commons-logging-1.0.4.jar;C:\Users\Timo Schadt\Desktop\Alarmdisplay_\geoGoogle-1.5.0-sources.jar;C:\Users\Timo Schadt\Desktop\Alarmdisplay_\itextg-5.5.4-javadoc.jar;C:\Users\Timo Schadt\Desktop\Alarmdisplay_\itextg-5.5.4-sources.jar;C:\Users\Timo Schadt\Desktop\Alarmdisplay_\itextg-5.5.4.jar;C:\Users\Timo Schadt\Desktop\Alarmdisplay_\itextpdf-5.1.3.jar;C:\Users\Timo Schadt\Desktop\Alarmdisplay_\javamail-1.4.5\lib\dsn.jar;C:\Users\Timo Schadt\Desktop\Alarmdisplay_\javamail-1.4.5\lib\imap.jar;C:\Users\Timo Schadt\Desktop\Alarmdisplay_\javamail-1.4.5\lib\mailapi.jar;C:\Users\Timo Schadt\Desktop\Alarmdisplay_\javamail-1.4.5\lib\pop3.jar;C:\Users\Timo Schadt\Desktop\Alarmdisplay_\javamail-1.4.5\lib\smtp.jar;C:\Users\Timo Schadt\Desktop\Alarmdisplay_\javamail-1.4.5\mail.jar;C:\Users\Timo Schadt\Desktop\Alarmdisplay_\jaxb-api-2.1.jar;C:\Users\Timo Schadt\Desktop\Alarmdisplay_\jaxb-impl-2.0.3.jar;C:\Users\Timo Schadt\Desktop\Alarmdisplay_\jsr173_api-1.0.jar;C:\Users\Timo Schadt\Desktop\Alarmdisplay_\lib\cups4j.runnable-0.6.4.jar;C:\Users\Timo Schadt\Desktop\Alarmdisplay_\lib\itextg-5.5.4.jar;C:\Users\Timo Schadt\Desktop\Alarmdisplay_\lib\junit.jar;C:\Users\Timo Schadt\Desktop\Alarmdisplay_\lib\pi4j-core-javadoc.jar;C:\Users\Timo Schadt\Desktop\Alarmdisplay_\lib\pi4j-core-sources.jar;C:\Users\Timo Schadt\Desktop\Alarmdisplay_\lib\pi4j-core.jar;C:\Users\Timo Schad
Launcher Type: SUN_STANDARD

Environment Variables:
PATH=C:/Program Files/Java/jre1.8.0_131/bin/server;C:/Program Files/Java/jre1.8.0_131/bin;C:/Program Files/Java/jre1.8.0_131/lib/amd64;C:\ProgramData\Oracle\Java\javapath;C:\WINDOWS\system32;C:\WINDOWS;C:\WINDOWS\System32\Wbem;C:\WINDOWS\System32\WindowsPowerShell\v1.0\;C:\Program Files\TortoiseSVN\bin;C:\Program Files\PuTTY\;C:\Program Files\MiKTeX 2.9\miktex\bin\x64\;C:\Users\Timo Schadt\AppData\Local\Microsoft\WindowsApps;;C:\WINDOWS\System32;
USERNAME=Timo Schadt
OS=Windows_NT
PROCESSOR_IDENTIFIER=Intel64 Family 6 Model 37 Stepping 5, GenuineIntel



---------------  S Y S T E M  ---------------

OS: Windows 10.0 , 64 bit Build 15063 (10.0.15063.296)

CPU:total 4 (initial active 4) (2 cores per cpu, 2 threads per core) family 6 model 37 stepping 5, cmov, cx8, fxsr, mmx, sse, sse2, sse3, ssse3, sse4.1, sse4.2, popcnt, aes, clmul, ht, tsc, tscinvbit

Memory: 4k page, physical 3985068k(1364736k free), swap 6016684k(2834436k free)

vm_info: Java HotSpot(TM) 64-Bit Server VM (25.131-b11) for windows-amd64 JRE (1.8.0_131-b11), built on Mar 15 2017 01:23:53 by "java_re" with MS VC++ 10.0 (VS2010)

time: Sat Sep 23 01:51:32 2017
elapsed time: 31 seconds (0d 0h 0m 31s)

